ERROR:root:IO error while writing /Users/jaime/Local Documents/DJ COLLECTION/analyze/Melodic & Progresive/Kuroten - Slippin' www.my-free-mp3.net .mp3
ERROR:root:IO error while writing /Users/jaime/Local Documents/DJ COLLECTION/analyze/Melodic & Progresive/Mr.Schug - A Better World (Daniel Jaeger Rem.mp3
ERROR:root:IO error while writing /Users/jaime/Local Documents/DJ COLLECTION/analyze/Melodic & Progresive/Robert Babicz - Beautiful (Night Mix) www.my.mp3
ERROR:root:IO error while writing /Users/jaime/Local Documents/DJ COLLECTION/analyze/Melodic & Progresive/Rory Gallagher - Ultimatum (Julian Wasserman.mp3
ERROR:root:IO error while writing /Users/jaime/Local Documents/DJ COLLECTION/analyze/Melodic & Progresive/Daniel Jaeger - Stampede (Original Mix) www..mp3
ERROR:root:IO error while writing /Users/jaime/Local Documents/DJ COLLECTION/analyze/Melodic & Progresive/Pablo Cetrini - Intentions (Original Mix) ww.mp3
ERROR:root:IO error while writing /Users/jaime/Local Documents/DJ COLLECTION/analyze/Melodic & Progresive/D-Nox & Beckers - Kimberland (Original Mix) .mp3
ERROR:root:IO error while writing /Users/jaime/Local Documents/DJ COLLECTION/analyze/Melodic & Progresive/Gabe - Reefers www.my-free-mp3.net .mp3
ERROR:root:IO error while writing /Users/jaime/Local Documents/DJ COLLECTION/analyze/Melodic & Progresive/Pauli Pocket, Daniel Jaeger - Microsonic www.mp3
ERROR:root:IO error while writing /Users/jaime/Local Documents/DJ COLLECTION/analyze/Melodic & Progresive/Lars Moston & Sabrina Mue, D-Lee - This Is H.mp3
ERROR:root:IO error while writing /Users/jaime/Local Documents/DJ COLLECTION/analyze/Melodic & Progresive/Julian Wassermann - People Are Strange (Orig.mp3
ERROR:root:IO error while writing /Users/jaime/Local Documents/DJ COLLECTION/analyze/Melodic & Progresive/Gorge, Markus Homm - Balance.mp3
ERROR:root:IO error while writing /Users/jaime/Local Documents/DJ COLLECTION/analyze/Melodic & Progresive/Victor Ruiz-Amnesia (Original Mix) www.my-fr.mp3
ERROR:root:IO error while writing /Users/jaime/Local Documents/DJ COLLECTION/analyze/Melodic & Progresive/Samthing Soweto_ Bantwanas - Ngithanda feat..wav
ERROR:root:IO error while writing /Users/jaime/Local Documents/DJ COLLECTION/analyze/Melodic & Progresive/
ERROR:root:IO error while writing /Users/jaime/Local Documents/DJ COLLECTION/analyze/Melodic & Progresive/
ERROR:root:IO error while writing /Users/jaime/Local Documents/DJ COLLECTION/analyze/Melodic & Progresive/
ERROR:root:IO error while writing /Users/jaime/Local Documents/DJ COLLECTION/analyze/Melodic & Progresive/
ERROR:root:IO error while writing /Users/jaime/Local Documents/DJ COLLECTION/analyze/Melodic & Progresive/
ERROR:root:IO error while writing /Users/jaime/Local Documents/DJ COLLECTION/analyze/Melodic & Progresive/
ERROR:root:IO error while writing /Users/jaime/Local Documents/DJ COLLECTION/analyze/Melodic & Progresive/
ERROR:root:IO error while writing /Users/jaime/Local Documents/DJ COLLECTION/analyze/Melodic & Progresive/
ERROR:root:IO error while writing /Users/jaime/Local Documents/DJ COLLECTION/analyze/Melodic & Progresive/
ERROR:root:IO error while writing /Users/jaime/Local Documents/DJ COLLECTION/analyze/Melodic & Progresive/
ERROR:root:IO error while writing /Users/jaime/Local Documents/DJ COLLECTION/analyze/Melodic & Progresive/
ERROR:root:IO error while writing /Users/jaime/Local Documents/DJ COLLECTION/analyze/Melodic & Progresive/
ERROR:root:IO error while writing /Users/jaime/Local Documents/DJ COLLECTION/analyze/Melodic & Progresive/
ERROR:root:IO error while writing /Users/jaime/Local Documents/DJ COLLECTION/analyze/Melodic & Progresive/
ERROR:root:IO error while writing /Users/jaime/Local Documents/DJ COLLECTION/analyze/Melodic & Progresive/
ERROR:root:IO error while writing /Users/jaime/Local Documents/DJ COLLECTION/analyze/Melodic & Progresive/
ERROR:root:IO error while writing /Users/jaime/Local Documents/DJ COLLECTION/analyze/Melodic & Progresive/
ERROR:root:IO error while writing /Users/jaime/Local Documents/DJ COLLECTION/analyze/Melodic & Progresive/
ERROR:root:IO error while writing /Users/jaime/Local Documents/DJ COLLECTION/analyze/Melodic & Progresive/
ERROR:root:IO error while writing /Users/jaime/Local Documents/DJ COLLECTION/analyze/Melodic & Progresive/
ERROR:root:IO error while writing /Users/jaime/Local Documents/DJ COLLECTION/analyze/Melodic & Progresive/
ERROR:root:IO error while writing /Users/jaime/Local Documents/DJ COLLECTION/analyze/Melodic & Progresive/
ERROR:root:IO error while writing /Users/jaime/Local Documents/DJ COLLECTION/analyze/Melodic & Progresive/
ERROR:root:IO error while writing /Users/jaime/Local Documents/DJ COLLECTION/analyze/Melodic & Progresive/
ERROR:root:IO error while writing /Users/jaime/Local Documents/DJ COLLECTION/analyze/Melodic & Progresive/
ERROR:root:IO error while writing /Users/jaime/Local Documents/DJ COLLECTION/analyze/Melodic & Progresive/
ERROR:root:IO error while writing /Users/jaime/Local Documents/DJ COLLECTION/analyze/Melodic & Progresive/
ERROR:root:IO error while writing /Users/jaime/Local Documents/DJ COLLECTION/analyze/Melodic & Progresive/
ERROR:root:IO error while writing /Users/jaime/Local Documents/DJ COLLECTION/analyze/Melodic & Progresive/
ERROR:root:IO error while writing /Users/jaime/Local Documents/DJ COLLECTION/analyze/Melodic & Progresive/
ERROR:root:IO error while writing /Users/jaime/Local Documents/DJ COLLECTION/analyze/Melodic & Progresive/
ERROR:root:IO error while writing /Users/jaime/Local Documents/DJ COLLECTION/analyze/Melodic & Progresive/
ERROR:root:IO error while writing /Users/jaime/Local Documents/DJ COLLECTION/analyze/Melodic & Progresive/
ERROR:root:IO error while writing /Users/jaime/Local Documents/DJ COLLECTION/analyze/Melodic & Progresive/
ERROR:root:IO error while writing /Users/jaime/Local Documents/DJ COLLECTION/analyze/Melodic & Progresive/
ERROR:root:IO error while writing /Users/jaime/Local Documents/DJ COLLECTION/analyze/Melodic & Progresive/
ERROR:root:IO error while writing /Users/jaime/Local Documents/DJ COLLECTION/analyze/Melodic & Progresive/
ERROR:root:IO error while writing /Users/jaime/Local Documents/DJ COLLECTION/analyze/Melodic & Progresive/
ERROR:root:IO error while writing /Users/jaime/Local Documents/DJ COLLECTION/analyze/Melodic & Progresive/
ERROR:root:IO error while writing /Users/jaime/Local Documents/DJ COLLECTION/analyze/Melodic & Progresive/
ERROR:root:IO error while writing /Users/jaime/Local Documents/DJ COLLECTION/analyze/Melodic & Progresive/
ERROR:root:IO error while writing /Users/jaime/Local Documents/DJ COLLECTION/analyze/Melodic & Progresive/
ERROR:root:IO error while writing /Users/jaime/Local Documents/DJ COLLECTION/analyze/Melodic & Progresive/
ERROR:root:IO error while writing /Users/jaime/Local Documents/DJ COLLECTION/analyze/Melodic & Progresive/
ERROR:root:IO error while writing /Users/jaime/Local Documents/DJ COLLECTION/analyze/Melodic & Progresive/
ERROR:root:IO error while writing /Users/jaime/Local Documents/DJ COLLECTION/analyze/Melodic & Progresive/
ERROR:root:IO error while writing /Users/jaime/Local Documents/DJ COLLECTION/analyze/Melodic & Progresive/
ERROR:root:IO error while writing /Users/jaime/Local Documents/DJ COLLECTION/analyze/Melodic & Progresive/
ERROR:root:IO error while writing /Users/jaime/Local Documents/DJ COLLECTION/analyze/Melodic & Progresive/
ERROR:root:IO error while writing /Users/jaime/Local Documents/DJ COLLECTION/analyze/Melodic & Progresive/
ERROR:root:IO error while writing /Users/jaime/Local Documents/DJ COLLECTION/analyze/Melodic & Progresive/
ERROR:root:IO error while writing /Users/jaime/Local Documents/DJ COLLECTION/analyze/Melodic & Progresive/
ERROR:root:IO error while writing /Users/jaime/Local Documents/DJ COLLECTION/analyze/Melodic & Progresive/
ERROR:root:IO error while writing /Users/jaime/Local Documents/DJ COLLECTION/analyze/Melodic & Progresive/
ERROR:root:IO error while writing /Users/jaime/Local Documents/DJ COLLECTION/analyze/Melodic & Progresive/
ERROR:root:IO error while writing /Users/jaime/Local Documents/DJ COLLECTION/analyze/Melodic & Progresive/
ERROR:root:IO error while writing /Users/jaime/Local Documents/DJ COLLECTION/analyze/Melodic & Progresive/
ERROR:root:IO error while writing /Users/jaime/Local Documents/DJ COLLECTION/analyze/Melodic & Progresive/
ERROR:root:IO error while writing /Users/jaime/Local Documents/DJ COLLECTION/analyze/Melodic & Progresive/
ERROR:root:IO error while writing /Users/jaime/Local Documents/DJ COLLECTION/analyze/Melodic & Progresive/
ERROR:root:IO error while writing /Users/jaime/Local Documents/DJ COLLECTION/analyze/Melodic & Progresive/
ERROR:root:IO error while writing /Users/jaime/Local Documents/DJ COLLECTION/analyze/Melodic & Progresive/
ERROR:root:IO error while writing /Users/jaime/Local Documents/DJ COLLECTION/analyze/Melodic & Progresive/
ERROR:root:IO error while writing /Users/jaime/Local Documents/DJ COLLECTION/analyze/Melodic & Progresive/
ERROR:root:IO error while writing /Users/jaime/Local Documents/DJ COLLECTION/analyze/Melodic & Progresive/
ERROR:root:IO error while writing /Users/jaime/Local Documents/DJ COLLECTION/analyze/Melodic & Progresive/
ERROR:root:IO error while writing /Users/jaime/Local Documents/DJ COLLECTION/analyze/Melodic & Progresive/
ERROR:root:IO error while writing /Users/jaime/Local Documents/DJ COLLECTION/analyze/Melodic & Progresive/
ERROR:root:IO error while writing /Users/jaime/Local Documents/DJ COLLECTION/analyze/Melodic & Progresive/
ERROR:root:IO error while writing /Users/jaime/Local Documents/DJ COLLECTION/analyze/Melodic & Progresive/
